<?xml version="1.0" encoding="UTF-8"?>
<!-- Generated by org.testng.reporters.JUnitReportReporter -->
<testsuite hostname="GDLA-LT-200622B" failures="0" tests="1" name="FirstAPITest" time="5.129" errors="0" timestamp="2021-11-26T00:55:39 CST" skipped="0">
  <testcase classname="FirstAPITest" name="PostLogin" time="5.129"/>
  <system-out>
    <![CDATA[https://reqres.in/api/login
Body sent: {"password":"cityslicka","email":"eve.holt@reqres.in"}
200
{"token":"QpwL5tke4Pnpja7X4"}]]>
  </system-out>
</testsuite> <!-- FirstAPITest -->
